<?xml version="1.0" encoding="UTF-8"?>
<!-- Generated by org.testng.reporters.JUnitReportReporter -->
<testsuite hostname="LAPTOP-3U9TMN09" failures="0" tests="2" name="com.search.test.findRates" time="64.356" errors="0" timestamp="04 Oct 2020 11:13:07 GMT" skipped="0">
  <testcase classname="com.search.test.findRates" name="searchAmazon" time="45.243"/>
  <testcase classname="com.search.test.findRates" name="searchFlipkart" time="19.113"/>
</testsuite> <!-- com.search.test.findRates -->
